bb-os.com
great-api.com
qq-os.com
sumsub.com
aliyuncs.com

bydfi.com
bydfi.pro
bydfi.in
admediasales.com
bydfi666.com

saasexch.com
saasexch.co
bntrace.com

bitunix.com
3os.org
easysimplesolution.net
sickw.com
imazing.com
wmdang.com
vsassets.io
bitbo.io
coinmetrics.io
redocly.com
smtp.gmail.com
amazon.ae
amazon.nl
supremocontrol.com

nanosystems.com
getapp.com
capterra.com

realvnc.com

notebookcheck-ru.com
html-load.com
notebook-check.com
notebookcheck.net

brevo.com
userpilot.io
buildwithfern.com
sendinblue.com

pqrs.org

versus.com
versus.io

b-cdn.net
disquscdn.com

simgbb.com

whoer.net
expedia.de

cdn-kaspi.kz
globalcheck.net
iperf.fr
explorer.ooni.org
datasheets360.com

porno365.plus
vide365.com
cdn-d1.com

sex-studentki.live
vps-vids.com

porno666.link
rusoska.com
yaeby.pro
batsa.pro
24xxx.me
mega-porno.me

bessporno.me
cdnservice.cloud

pornolena.cc
pornobolt.tv

rusvideos.net
rusvideos.porn

sdn16linkblock.top
xn--e1afbhndhuj1b.com
trahkino.me

github.com
githubassets.com

apple.com
cdn-apple.com
icloud.com

boltai.com
elephas.app
lmsqueezy.com